<?xml version="1.0" encoding="UTF-8"?>
<!-- Generated by org.testng.reporters.JUnitReportReporter -->
<testsuite hostname="Sumit-iMac.local" failures="0" tests="1" name="tests.LoginTest" time="11.863" errors="0" timestamp="2025-09-15T18:57:54 IST" skipped="0">
  <testcase classname="tests.LoginTest" name="SearchProduct" time="11.863"/>
</testsuite> <!-- tests.LoginTest -->
