<?xml version="1.0" encoding="UTF-8"?>
<!-- Generated by org.testng.reporters.JUnitReportReporter -->
<testsuite hostname="Sumit-iMac.local" failures="0" tests="1" name="tests.HomeTest" time="20.232" errors="0" timestamp="2025-09-16T15:51:57 IST" skipped="0">
  <testcase classname="tests.HomeTest" name="SearchProduct" time="20.232"/>
</testsuite> <!-- tests.HomeTest -->
